
Knights tour with 0 backtracking moves
1    254  3    256  261  264  69   270  277  266  67   268  321  314  65   316  385  390  63   388  451  466  61   468  471  660  59   694  783  898  57   786  937  790  55   788
4    257  1296 263  70   271  278  265  68   269  322  313  66   317  384  391  64   387  450  465  62   469  472  659  60   693  782  897  58   785  936  899  56   787  948  791
253  2    255  260  1295 262  273  276  327  312  267  320  373  392  315  386  449  462  389  452  475  550  467  470  661  886  695  784  913  896  901  938  947  950  789  54
258  5    288  71   272  279  1294 309  274  323  328  341  318  383  400  455  398  453  476  541  464  473  658  575  692  781  904  895  902  935  946  951  900  1095 792  949
73   252  259  286  297  308  275  326  311  340  319  374  393  372  397  448  461  508  463  474  549  574  551  662  885  696  887  912  941  914  939  1092 955  952  53   1098
6    287  72   289  280  295  310  1293 324  329  342  371  382  401  456  399  454  477  540  553  542  657  576  691  780  905  894  903  934  945  956  953  1096 1099 1094 793
251  74   285  296  307  298  325  304  339  1292 375  394  419  396  447  478  507  460  509  548  573  552  663  884  697  888  911  942  915  940  1091 1104 1093 954  1097 52
284  7    290  281  294  305  338  347  330  343  370  381  402  457  420  459  480  539  554  543  656  577  690  779  906  893  908  933  944  957  1010 1089 1100 1103 794  1111
75   250  283  306  299  332  303  344  353  376  1291 418  395  446  479  506  545  510  547  572  555  664  883  698  889  910  943  916  1009 1090 1105 1120 1113 1110 51   1102
8    291  238  293  282  337  348  331  346  369  380  403  1290 421  458  481  538  557  544  655  578  689  778  879  892  907  932  909  958  1011 1088 1109 1126 1101 1112 795
237  76   249  300  333  302  345  354  377  352  417  422  445  436  505  1288 511  546  571  556  665  880  699  882  919  890  917  1008 971  1106 1119 1114 1121 1130 1125 50
224  9    292  239  336  349  364  351  368  379  404  435  424  1289 482  537  558  581  1286 579  654  777  688  891  878  931  970  959  1012 1087 1108 1129 1118 1127 796  1131
77   236  225  248  301  334  355  378  365  416  423  444  437  504  439  512  1287 570  607  666  1285 700  881  920  1283 918  1007 972  1107 974  1115 1122 1141 1132 49   1124
10   223  202  335  240  363  350  367  358  405  434  425  440  483  536  559  582  609  580  653  776  687  1284 877  930  969  960  975  1086 1013 1156 1117 1128 1123 1144 797
201  78   235  226  247  356  359  362  415  366  443  432  503  438  513  600  569  606  667  608  701  876  921  962  927  1282 967  1006 973  1116 1085 1140 1159 1142 1133 48
184  11   222  203  360  241  408  357  406  433  426  441  484  535  560  583  610  601  652  775  686  925  874  929  968  961  976  1281 1014 1155 1048 1157 1136 1145 798  1143
79   200  183  234  227  246  361  414  427  442  431  502  491  514  599  568  605  668  649  702  875  922  963  926  1003 928  1005 966  1049 1084 1139 1160 1149 1158 47   1134
12   185  204  221  206  409  242  407  244  413  490  485  534  561  584  611  602  651  774  685  924  873  992  979  964  977  1060 1015 1280 1047 1154 1137 1172 1135 1146 799
187  80   199  182  233  228  245  428  487  430  501  492  515  598  567  604  669  648  703  650  773  980  923  1002 1017 1004 965  1050 1083 1138 1279 1150 1161 1148 1173 46
170  13   186  205  220  207  410  243  412  489  486  533  562  585  612  597  682  603  684  981  872  993  984  991  978  1059 1016 1061 1046 1153 1162 1179 1176 1171 800  1147
81   188  171  198  181  232  229  488  429  500  493  516  531  566  645  670  647  704  859  772  983  990  1031 1018 1001 1026 1051 1082 1163 1278 1151 1170 1213 1178 45   1174
14   169  160  189  208  219  210  411  230  517  532  563  586  613  596  681  708  683  982  871  994  985  1000 1027 1058 1043 1062 1045 1152 1169 1216 1177 1180 1175 1212 801
159  82   191  172  197  180  231  218  499  494  587  530  565  644  671  646  705  858  771  860  989  1030 1019 1032 1025 1052 1081 1164 1277 1196 1193 1218 1209 1214 1181 44
164  15   168  161  190  209  496  211  518  217  564  631  614  595  680  709  726  707  870  995  986  999  1028 1057 1042 1063 1044 1195 1168 1217 1208 1215 1192 1265 802  1211
83   158  163  192  173  196  179  498  495  588  529  594  643  672  717  706  857  770  861  988  1029 1020 1033 1024 1053 1080 1165 1276 1197 1194 1219 1264 1269 1210 43   1182
16   165  114  167  162  497  212  519  216  525  630  615  632  679  710  725  718  727  996  869  998  987  1056 1041 1064 1077 1198 1167 1220 1229 1274 1207 1266 1191 1268 803
113  84   157  174  193  178  195  526  589  528  593  642  673  716  677  720  769  856  767  862  1021 1034 1023 1054 1079 1166 1227 1204 1275 1206 1263 1270 1273 830  1183 42
106  17   166  115  156  213  520  215  524  629  616  633  678  711  724  715  728  719  864  997  868  1055 1040 1065 1076 1199 1078 1221 1228 1271 1230 1261 1190 1267 804  829
85   112  107  154  175  194  177  590  527  592  641  674  639  676  721  754  847  768  855  766  863  1022 1035 1200 1039 1226 1203 1244 1205 1262 1259 1272 831  1184 41   814
18   105  100  111  116  155  214  521  628  523  634  617  712  723  714  729  760  765  846  865  852  867  1066 1075 1202 1233 1222 1241 1258 1231 1252 1189 1260 815  828  805
99   86   117  108  153  176  149  128  591  618  623  640  675  638  753  722  755  848  763  854  845  1036 1201 1038 1225 1074 1243 1232 1245 1254 1257 834  1185 832  813  40
104  19   110  101  122  127  152  619  522  627  144  635  622  713  730  759  764  761  746  851  866  853  840  1067 1234 1223 1240 1255 1242 1251 1188 1253 816  827  806  821
87   98   103  118  109  150  123  148  129  624  621  626  143  750  637  752  731  756  849  762  745  844  1037 1224 839  1238 1073 1246 1249 1256 835  1186 833  820  39   812
20   93   90   97   102  121  126  151  620  145  132  139  636  137  142  749  758  747  734  741  850  739  744  841  1068 1235 1248 1239 1072 1187 1250 817  826  809  822  807
91   88   95   22   119  124  147  24   133  130  625  26   135  140  751  28   735  732  757  30   737  742  843  32   1237 838  1069 34   1247 836  1071 36   819  824  811  38
94   21   92   89   96   23   120  125  146  25   134  131  138  27   136  141  748  29   736  733  740  31   738  743  842  33   1236 837  1070 35   818  825  810  37   808  823
