-> Eval	45806796
Set	$prec to 45806796
-> 7161980313810054244
-> 6318947012325243192
-> -8938117205902832188
-> -4594089501767693618
-> -89749823349246877
-> 3034990603696493491
-> 1537711400992266180
-> -8938117205902832187
-> -4547550599043163378
-> 7161980313810054244
-> 6318947012325243192
-> -8938117205902832188
-> -4594089501767693618
-> -89749823349246877
-> 3034990603696493491
-> 1537711400992266180
-> -8938117205902832187
-> -4547550599043163378
-> 7161980313810054244
-> 6318947012325243192
-> -8938117205902832188
-> -4594089501767693618
-> -89749823349246877
-> 3034990603696493491
-> 1537711400992266180
-> -8938117205902832187
-> -4547550599043163378
-> 7161980313810054244
-> 6318947012325243192
-> -8938117205902832188
-> -4594089501767693618
-> -89749823349246877
-> 3034990603696493491
-> 1537711400992266180
-> -8938117205902832187
-> -4547550599043163378
-> 7161980313810054244
-> 6318947012325243192
-> -8938117205902832188
-> -4594089501767693618
-> -89749823349246877
-> 3034990603696493491
-> 1537711400992266180
-> -8938117205902832187
-> -4547550599043163378
-> 7161980313810054244
-> 6318947012325243192
-> -8938117205902832188
-> -4594089501767693618
-> -89749823349246877
-> 3034990603696493491
-> 1537711400992266180
-> -8938117205902832187
-> -4547550599043163378
-> 7161980313810054244
-> 6318947012325243192
-> -8938117205902832188
-> -4594089501767693618
-> -89749823349246877
-> 3034990603696493491
-> 1537711400992266180
-> -8938117205902832187
-> -4547550599043163378
-> 7161980313810054244
-> 6318947012325243192
-> -8938117205902832188
-> -4594089501767693618
-> -89749823349246877
-> 3034990603696493491
-> 1537711400992266180
-> -8938117205902832187
-> -4547550599043163378
-> 7161980313810054244
-> 6318947012325243192
-> -8938117205902832188
-> -4594089501767693618
-> -89749823349246877
-> 3034990603696493491
-> 1537711400992266180
-> -8938117205902832187
-> -4547550599043163378
-> 7161980313810054244
-> 6318947012325243192
-> -8938117205902832188
-> -4594089501767693618
-> -89749823349246877
-> 3034990603696493491
-> 1537711400992266180
-> -8938117205902832187
-> -4547550599043163378
-> 7161980313810054244
-> 6318947012325243192
-> -8938117205902832188
-> -4594089501767693618
-> -89749823349246877
-> 3034990603696493491
-> 1537711400992266180
-> -8938117205902832187
-> -4547550599043163378
-> 7161980313810054244
-> 6318947012325243192
-> -8938117205902832188
-> -4594089501767693618
-> -89749823349246877
-> 3034990603696493491
-> 1537711400992266180
-> -8938117205902832187
-> -4547550599043163378
-> 7161980313810054244
-> 6318947012325243192
-> -8938117205902832188
-> -4594089501767693618
-> -89749823349246877
-> 3034990603696493491
-> 1537711400992266180
-> -8938117205902832187
-> -4547550599043163378
-> 7161980313810054244
-> 6318947012325243192
-> -8938117205902832188
-> -4594089501767693618
-> -89749823349246877
-> 3034990603696493491
-> 1537711400992266180
-> -8938117205902832187
-> -4547550599043163378
-> 7161980313810054244
-> 6318947012325243192
-> -8938117205902832188
-> -4594089501767693618
-> -89749823349246877
-> 3034990603696493491
-> 1537711400992266180
-> -8938117205902832187
-> -4547550599043163378
-> 7161980313810054244
-> 6318947012325243192
-> -8938117205902832188
-> -4594089501767693618
-> -89749823349246877
-> 3034990603696493491
-> 1537711400992266180
-> -8938117205902832187
-> -4547550599043163378
-> 7161980313810054244
-> 6318947012325243192
-> -8938117205902832188
-> -4594089501767693618
-> -89749823349246877
-> 3034990603696493491
-> 1537711400992266180
-> -8938117205902832187
-> -4547550599043163378
-> 7161980313810054244
-> 6318947012325243192
-> -8938117205902832188
-> -4594089501767693618
-> -89749823349246877
-> 3034990603696493491
-> 1537711400992266180
-> -8938117205902832187
-> -4547550599043163378
-> 7161980313810054244
-> 6318947012325243192
-> -8938117205902832188
-> -4594089501767693618
-> -89749823349246877
-> 3034990603696493491
-> 1537711400992266180
-> -8938117205902832187
-> -4547550599043163378
-> 7161980313810054244
-> 6318947012325243192
-> -8938117205902832188
-> -4594089501767693618
-> -89749823349246877
-> 3034990603696493491
-> 1537711400992266180
-> -8938117205902832187
-> -4547550599043163378
-> 7161980313810054244
-> 6318947012325243192
-> -8938117205902832188
-> -4594089501767693618
-> -89749823349246877
-> 3034990603696493491
-> 1537711400992266180
-> -8938117205902832187
-> -4547550599043163378
-> 7161980313810054244
-> 6318947012325243192
-> -8938117205902832188
-> -4594089501767693618
-> -89749823349246877
-> 3034990603696493491
-> 1537711400992266180
-> -8938117205902832187
-> -4547550599043163378
-> 7161980313810054244
-> 6318947012325243192
-> -8938117205902832188
-> -4594089501767693618
-> -89749823349246877
-> 3034990603696493491
-> 1537711400992266180
-> -8938117205902832187
-> -4547550599043163378
-> 7161980313810054244
-> 6318947012325243192
-> -8938117205902832188
-> -4594089501767693618
-> -89749823349246877
-> 3034990603696493491
-> 1537711400992266180
-> -8938117205902832187
-> -4547550599043163378
-> 7161980313810054244
-> 6318947012325243192
-> -8938117205902832188
-> -4594089501767693618
-> -89749823349246877
-> 3034990603696493491
-> 1537711400992266180
-> -8938117205902832187
-> -4547550599043163378
-> 7161980313810054244
-> 6318947012325243192
-> -8938117205902832188
-> -4594089501767693618
-> -89749823349246877
-> 3034990603696493491
-> 1537711400992266180
-> -8938117205902832187
-> -4547550599043163378
-> 7161980313810054244
-> 6318947012325243192
-> -8938117205902832188
-> -4594089501767693618
-> -89749823349246877
-> 3034990603696493491
-> 1537711400992266180
-> -8938117205902832187
-> -4547550599043163378
-> 7161980313810054244
-> 6318947012325243192
-> -8938117205902832188
-> -4594089501767693618
-> -89749823349246877
-> 3034990603696493491
-> 1537711400992266180
-> -8938117205902832187
-> -4547550599043163378
-> 7161980313810054244
-> 6318947012325243192
-> -8938117205902832188
-> -4594089501767693618
-> -89749823349246877
-> 3034990603696493491
-> 1537711400992266180
-> -8938117205902832187
-> -4547550599043163378
-> 