"cg025"
["Main.hs"]
"/ogi/staff/simonpj/bin/sparc-sunos5:/projects/pacsoft/ghc/bin/sparc-sunos5:/projects/pacsoft/ghc/sparc-sunos5/bin:/projects/unsupported/bin/sparc-sunos5:/projects/pacsoft/bin/sparc-sunos5:/usr/openwin/bin:/ogi/staff/simonpj/bin/share:/usr/local/bin:/usr/local/gnu/bin:/usr/bin:/usr/ccs/bin:/bin:/usr/ucb:/usr/local/mh/bin:/usr/local/X11/bin:/usr/bin/X11:/usr/openwin/bin:/projects/pacsoft/ghc/bin/share:/projects/unsupported/bin/share:/projects/unsupported/gnu/share/bin:/usr/local/CenterLine/bin:/usr/local/frame/bin:/projects/pacsoft/tools/psutils:.:/projects/unsupported/gnu/sparc-sunos5/bin"
--!!! test various I/O Requests
--
--
import IO
import System
import IOBase (trace)
--import Trace ToDo: get this via GlaExts -- SOF

main = do
    prog <- getProgName
    hPutStr stderr (shows prog "\n")
    args <- getArgs
    hPutStr stderr (shows args "\n")
    path <- getEnv "PATH"
    hPutStr stderr (shows path "\n")
    stdin_txt <- getContents
    putStr stdin_txt
    file_cts <- readFile (head args)
    hPutStr  stderr file_cts
    trace "hello, trace" $
      catch (getEnv "__WURBLE__" >> return ()) (\ e -> error "hello, error\n")
Trace On:
hello, trace
Trace Off.

Fail: hello, error
