[0, 0, 2, 3, 4, 5, -1, -2, -3, -4, 1000012, 124, 101, 103, 1, 0, 17000, 0, 1, 4]
[0, 0, 2, 3, 4, 5, -1, -2, -3, -4, 1000012, 124, 101, 103, 1, 0, 17000, 0, 1, 4]
[0, 0, 2, 3, 4, 5, -1, -2, -3, -4, 1000012, 124, 101, 103, 1, 0, 17000, 0, 1, 4]
[0, 0, 2, 3, 4, 5, -1, -2, -3, -4, 1000012, 124, 101, 103, 1, 0, 17000, 0, 1, 4]
[0, 0, 1, 2, 3, 4, -1, -3, -4, -5, 1000012, 123, 100, 102, 0, -1, 17000, -1, 0, 3]
[0, 0, 1, 2, 3, 4, -1, -3, -4, -5, 1000012, 123, 100, 102, 0, -1, 17000, -1, 0, 3]
[0, 0, 1, 2, 3, 4, -2, -3, -4, -5, 1000012, 123, 100, 102, 0, -1, 17000, -1, 0, 3]
[0, 0, 1, 2, 3, 4, -2, -3, -4, -5, 1000012, 123, 100, 102, 0, -1, 17000, -1, 0, 3]
[0, 0, 1, 2, 3, 4, -1, -2, -3, -4, 1000012, 123, 100, 102, 0, 0, 17000, 0, 0, 3]
[0, 0, 1, 2, 3, 4, -1, -2, -3, -4, 1000012, 123, 100, 102, 0, 0, 17000, 0, 0, 3]
[0, 0, 1, 2, 3, 4, -1, -2, -3, -4, 1000012, 123, 100, 102, 0, 0, 17000, 0, 0, 3]
[0, 0, 1, 2, 3, 4, -1, -2, -3, -4, 1000012, 123, 100, 102, 0, 0, 17000, 0, 0, 3]
[0, 0, 1, 3, 4, 4, -1, -3, -4, -4, 1000012, 123, 100, 102, 0, 0, 17000, 0, 0, 3]
[0, 0, 1, 3, 4, 4, -1, -3, -4, -4, 1000012, 123, 100, 102, 0, 0, 17000, 0, 0, 3]
[0, 0, 1, 3, 4, 4, -1, -3, -4, -4, 1000012, 123, 100, 102, 0, 0, 17000, 0, 0, 3]
[0, 0, 1, 3, 4, 4, -1, -3, -4, -4, 1000012, 123, 100, 102, 0, 0, 17000, 0, 0, 3]
[(0, 0.00000000), (0, 0.00000000), (1, 1.00000024e-1), (2, 7.99999952e-1), (3, 5.00000000e-1), (4, 5.00000000e-1), (-1, 0.00000000), (-2, -9.99999523e-1), (-3, -5.00000000e-1), (-4, -5.00000000e-1), (1000012, 0.00000000), (123, 4.56001282e-1), (100, 2.50000000e-1), (102, 5.00000000e-1), (0, 1.20000006e-3), (0, -1.19999996e-7), (17000, 0.00000000), (0, -1.69999999e-4), (0, 1.50000005e-7), (3, 1.41592741e-1)]
[(0, 0.00000000), (0, 0.00000000), (1, 1.00000024e-1), (2, 7.99999952e-1), (3, 5.00000000e-1), (4, 5.00000000e-1), (-1, 0.00000000), (-2, -9.99999523e-1), (-3, -5.00000000e-1), (-4, -5.00000000e-1), (1000012, 0.00000000), (123, 4.56001282e-1), (100, 2.50000000e-1), (102, 5.00000000e-1), (0, 1.20000006e-3), (0, -1.19999996e-7), (17000, 0.00000000), (0, -1.69999999e-4), (0, 1.50000005e-7), (3, 1.41592741e-1)]
[(0, 0.0000000000000000), (0, 0.0000000000000000), (1, 1.0000000000000009e-1), (2, 7.9999999999999982e-1), (3, 5.0000000000000000e-1), (4, 5.0000000000000000e-1), (-1, -1.0000000827403710e-10), (-2, -9.9999949999999993e-1), (-3, -5.0000000001000000e-1), (-4, -4.9999999999000000e-1), (1000012, 0.0000000000000000), (123, 4.5600000000000307e-1), (100, 2.5000000000000000e-1), (102, 5.0000000000000000e-1), (0, 1.1999999999999999e-3), (0, -1.1999999999999999e-7), (17000, 0.0000000000000000), (0, -1.7000000000000001e-4), (0, 1.4999999999999999e-7), (3, 1.4159265358979312e-1)]
[(0, 0.0000000000000000), (0, 0.0000000000000000), (1, 1.0000000000000009e-1), (2, 7.9999999999999982e-1), (3, 5.0000000000000000e-1), (4, 5.0000000000000000e-1), (-1, -1.0000000827403710e-10), (-2, -9.9999949999999993e-1), (-3, -5.0000000001000000e-1), (-4, -4.9999999999000000e-1), (1000012, 0.0000000000000000), (123, 4.5600000000000307e-1), (100, 2.5000000000000000e-1), (102, 5.0000000000000000e-1), (0, 1.1999999999999999e-3), (0, -1.1999999999999999e-7), (17000, 0.0000000000000000), (0, -1.7000000000000001e-4), (0, 1.4999999999999999e-7), (3, 1.4159265358979312e-1)]
