


CONTROL DATA :

   Total number of nodes = 36 
   Number of elements    = 72 
   Number of point loads = 1  
   Total number of materials = 2  


NODE INFORMATION  :

  Node.no = 1     x = 0.00000000    y = 0.00000000    bc = 330 
  Node.no = 2     x = 0.00000000    y = 1.00000000    bc = 330 
  Node.no = 3     x = 0.00000000    y = 2.00000000    bc = 330 
  Node.no = 4     x = 0.00000000    y = 6.00000000    bc = 330 
  Node.no = 5     x = 0.00000000    y = 7.00000000    bc = 330 
  Node.no = 6     x = 1.00000000    y = 1.00000000    bc = 110 
  Node.no = 7     x = 1.00000000    y = 2.00000000    bc = 110 
  Node.no = 8     x = 1.00000000    y = 3.00000000    bc = 110 
  Node.no = 9     x = 1.00000000    y = 6.00000000    bc = 110 
  Node.no = 10    x = 1.00000000    y = 7.00000000    bc = 110 
  Node.no = 11    x = 2.00000000    y = 2.00000000    bc = 110 
  Node.no = 12    x = 2.00000000    y = 3.00000000    bc = 110 
  Node.no = 13    x = 2.00000000    y = 4.00000000    bc = 110 
  Node.no = 14    x = 2.00000000    y = 6.00000000    bc = 110 
  Node.no = 15    x = 2.00000000    y = 7.00000000    bc = 110 
  Node.no = 16    x = 3.00000000    y = 3.00000000    bc = 110 
  Node.no = 17    x = 3.00000000    y = 4.00000000    bc = 110 
  Node.no = 18    x = 3.00000000    y = 5.00000000    bc = 110 
  Node.no = 19    x = 3.00000000    y = 6.00000000    bc = 110 
  Node.no = 20    x = 3.00000000    y = 7.00000000    bc = 110 
  Node.no = 21    x = 4.00000000    y = 4.00000000    bc = 110 
  Node.no = 22    x = 4.00000000    y = 5.00000000    bc = 110 
  Node.no = 23    x = 4.00000000    y = 6.00000000    bc = 110 
  Node.no = 24    x = 4.00000000    y = 7.00000000    bc = 110 
  Node.no = 25    x = 5.00000000    y = 5.00000000    bc = 110 
  Node.no = 26    x = 5.00000000    y = 6.00000000    bc = 110 
  Node.no = 27    x = 5.00000000    y = 7.00000000    bc = 110 
  Node.no = 28    x = 6.00000000    y = 6.00000000    bc = 110 
  Node.no = 29    x = 6.00000000    y = 7.00000000    bc = 110 
  Node.no = 30    x = 7.00000000    y = 6.00000000    bc = 110 
  Node.no = 31    x = 7.00000000    y = 7.00000000    bc = 110 
  Node.no = 32    x = 8.00000000    y = 6.00000000    bc = 110 
  Node.no = 33    x = 8.00000000    y = 7.00000000    bc = 110 
  Node.no = 34    x = 9.00000000    y = 6.00000000    bc = 110 
  Node.no = 35    x = 9.00000000    y = 7.00000000    bc = 110 
  Node.no = 36    x = 10.0000000    y = 6.00000000    bc = 110 


MATERIAL INFORMATION :

  Material No.=1     EA = 516.000000    EI = 0.00000000 
  Material No.=2     EA = 258.000000    EI = 0.00000000 

ELEMENT DATA:

  Element No.=1     Node.L =1     Node.R =6     Material No. =1  
  Element No.=2     Node.L =2     Node.R =6     Material No. =1  
  Element No.=3     Node.L =2     Node.R =7     Material No. =1  
  Element No.=4     Node.L =3     Node.R =7     Material No. =1  
  Element No.=5     Node.L =3     Node.R =8     Material No. =1  
  Element No.=6     Node.L =6     Node.R =7     Material No. =1  
  Element No.=7     Node.L =7     Node.R =8     Material No. =1  
  Element No.=8     Node.L =6     Node.R =11    Material No. =1  
  Element No.=9     Node.L =7     Node.R =11    Material No. =1  
  Element No.=10    Node.L =7     Node.R =12    Material No. =1  
  Element No.=11    Node.L =8     Node.R =12    Material No. =1  
  Element No.=12    Node.L =8     Node.R =13    Material No. =1  
  Element No.=13    Node.L =11    Node.R =12    Material No. =1  
  Element No.=14    Node.L =12    Node.R =13    Material No. =1  
  Element No.=15    Node.L =11    Node.R =16    Material No. =1  
  Element No.=16    Node.L =12    Node.R =16    Material No. =1  
  Element No.=17    Node.L =12    Node.R =17    Material No. =1  
  Element No.=18    Node.L =13    Node.R =17    Material No. =1  
  Element No.=19    Node.L =13    Node.R =18    Material No. =1  
  Element No.=20    Node.L =16    Node.R =17    Material No. =1  
  Element No.=21    Node.L =17    Node.R =18    Material No. =1  
  Element No.=22    Node.L =16    Node.R =21    Material No. =1  
  Element No.=23    Node.L =17    Node.R =21    Material No. =1  
  Element No.=24    Node.L =17    Node.R =22    Material No. =1  
  Element No.=25    Node.L =18    Node.R =22    Material No. =1  
  Element No.=26    Node.L =18    Node.R =19    Material No. =1  
  Element No.=27    Node.L =18    Node.R =23    Material No. =1  
  Element No.=28    Node.L =21    Node.R =22    Material No. =1  
  Element No.=29    Node.L =22    Node.R =23    Material No. =1  
  Element No.=30    Node.L =21    Node.R =25    Material No. =1  
  Element No.=31    Node.L =22    Node.R =25    Material No. =1  
  Element No.=32    Node.L =22    Node.R =26    Material No. =1  
  Element No.=33    Node.L =25    Node.R =26    Material No. =1  
  Element No.=34    Node.L =25    Node.R =28    Material No. =1  
  Element No.=35    Node.L =4     Node.R =9     Material No. =2  
  Element No.=36    Node.L =5     Node.R =9     Material No. =2  
  Element No.=37    Node.L =5     Node.R =10    Material No. =2  
  Element No.=38    Node.L =9     Node.R =10    Material No. =2  
  Element No.=39    Node.L =9     Node.R =14    Material No. =2  
  Element No.=40    Node.L =10    Node.R =14    Material No. =2  
  Element No.=41    Node.L =10    Node.R =15    Material No. =2  
  Element No.=42    Node.L =14    Node.R =15    Material No. =2  
  Element No.=43    Node.L =14    Node.R =19    Material No. =2  
  Element No.=44    Node.L =15    Node.R =19    Material No. =2  
  Element No.=45    Node.L =15    Node.R =20    Material No. =2  
  Element No.=46    Node.L =19    Node.R =20    Material No. =2  
  Element No.=47    Node.L =19    Node.R =23    Material No. =2  
  Element No.=48    Node.L =20    Node.R =23    Material No. =2  
  Element No.=49    Node.L =20    Node.R =24    Material No. =2  
  Element No.=50    Node.L =23    Node.R =24    Material No. =2  
  Element No.=51    Node.L =23    Node.R =26    Material No. =2  
  Element No.=52    Node.L =24    Node.R =26    Material No. =2  
  Element No.=53    Node.L =24    Node.R =27    Material No. =2  
  Element No.=54    Node.L =26    Node.R =27    Material No. =2  
  Element No.=55    Node.L =26    Node.R =28    Material No. =2  
  Element No.=56    Node.L =27    Node.R =28    Material No. =2  
  Element No.=57    Node.L =27    Node.R =29    Material No. =2  
  Element No.=58    Node.L =28    Node.R =29    Material No. =2  
  Element No.=59    Node.L =28    Node.R =30    Material No. =2  
  Element No.=60    Node.L =29    Node.R =30    Material No. =2  
  Element No.=61    Node.L =29    Node.R =31    Material No. =2  
  Element No.=62    Node.L =30    Node.R =31    Material No. =2  
  Element No.=63    Node.L =30    Node.R =32    Material No. =2  
  Element No.=64    Node.L =31    Node.R =32    Material No. =2  
  Element No.=65    Node.L =31    Node.R =33    Material No. =2  
  Element No.=66    Node.L =32    Node.R =33    Material No. =2  
  Element No.=67    Node.L =32    Node.R =34    Material No. =2  
  Element No.=68    Node.L =33    Node.R =34    Material No. =2  
  Element No.=69    Node.L =33    Node.R =35    Material No. =2  
  Element No.=70    Node.L =34    Node.R =35    Material No. =2  
  Element No.=71    Node.L =34    Node.R =36    Material No. =2  
  Element No.=72    Node.L =35    Node.R =36    Material No. =2  



POINT LOADS DATA:

  To_point No.36   Px = 0.00000000   Py = -1.00000001e-1   M = 0.00000000 




DISPLACEMENT OF THE STRUCTURE 

     Node     X     Y     BC         U             V                  Theta
       1 0.00000000 0.00000000    330     0.00000000     0.00000000     0.00000000
       2 0.00000000 1.00000000    330     0.00000000     0.00000000     0.00000000
       3 0.00000000 2.00000000    330     0.00000000     0.00000000     0.00000000
       4 0.00000000 6.00000000    330     0.00000000     0.00000000     0.00000000
       5 0.00000000 7.00000000    330     0.00000000     0.00000000     0.00000000
       6 1.00000000 1.00000000    110 -3.22250526e-5 -8.81733067e-5     0.00000000
       7 1.00000000 2.00000000    110 -1.20950732e-4 -5.59482469e-5     0.00000000
       8 1.00000000 3.00000000    110 -3.45506589e-4  1.69341911e-5     0.00000000
       9 1.00000000 6.00000000    110  2.28361430e-4  3.83804960e-4     0.00000000
      10 1.00000000 7.00000000    110  5.75506769e-4  4.38762509e-4     0.00000000
      11 2.00000000 2.00000000    110 -2.01244125e-4 -1.30698798e-4     0.00000000
      12 2.00000000 3.00000000    110 -4.18389012e-4 -5.04054151e-5     0.00000000
      13 2.00000000 4.00000000    110 -4.74974251e-4  2.39720684e-5     0.00000000
      14 2.00000000 6.00000000    110  4.01765312e-4  4.20464494e-4     0.00000000
      15 2.00000000 7.00000000    110  1.20597123e-3  4.75421984e-4     0.00000000
      16 3.00000000 3.00000000    110 -4.97187430e-4 -2.73404003e-4     0.00000000
      17 3.00000000 4.00000000    110 -5.49351622e-4 -1.94605615e-4     0.00000000
      18 3.00000000 5.00000000    110 -2.56450643e-4 -1.06610059e-4     0.00000000
      19 3.00000000 6.00000000    110  5.20211703e-4 -5.48942007e-5     0.00000000
      20 3.00000000 7.00000000    110  1.89139345e-3  1.03495026e-4     0.00000000
      21 4.00000000 4.00000000    110 -6.14531804e-4 -8.17583699e-4     0.00000000
      22 4.00000000 5.00000000    110 -2.92730256e-4 -7.52403517e-4     0.00000000
      23 4.00000000 6.00000000    110  5.83700661e-4 -7.56205525e-4     0.00000000
      24 4.00000000 7.00000000    110  2.73520523e-3 -4.70677332e-4     0.00000000
      25 5.00000000 5.00000000    110 -3.97991884e-4 -1.88000500e-3     0.00000000
      26 5.00000000 6.00000000    110  6.23543630e-4 -1.77474320e-3     0.00000000
      27 5.00000000 7.00000000    110  3.86454514e-3 -1.35369098e-3     0.00000000
      28 6.00000000 6.00000000    110  3.02858331e-4 -3.72446189e-3     0.00000000
      29 6.00000000 7.00000000    110  5.41493716e-3 -4.11206065e-3     0.00000000
      30 7.00000000 6.00000000    110 -1.24753139e-3 -1.18708238e-2     0.00000000
      31 7.00000000 7.00000000    110  6.57773064e-3 -1.22584226e-2     0.00000000
      32 8.00000000 6.00000000    110 -2.41032219e-3 -2.23427694e-2     0.00000000
      33 8.00000000 7.00000000    110  7.35292630e-3 -2.27303691e-2     0.00000000
      34 9.00000000 6.00000000    110 -3.18551506e-3 -3.43650989e-2     0.00000000
      35 9.00000000 7.00000000    110  7.74052367e-3 -3.47526968e-2     0.00000000
      36 10.0000000 6.00000000    110 -3.57311126e-3 -4.71626222e-2     0.00000000



INTERNAL FORCES OF ELEMENT 

    Element    NodeL   NodeR     TENSION
       1         1       6 -3.10627762e-2
       2         2       6 -1.66281275e-2
       3         2       7 -4.56399322e-2
       4         3       7 -6.24105781e-2
       5         3       8 -8.47716779e-2
       6         6       7  1.66281313e-2
       7         7       8  3.76073383e-2
       8         6      11 -5.45784980e-2
       9         7      11 -4.14313897e-2
      10         7      12 -7.53090307e-2
      11         8      12 -3.76073308e-2
      12         8      13 -3.15868855e-2
      13        11      12  4.14313823e-2
      14        12      13  3.83787826e-2
      15        11      16 -1.13171302e-1
      16        12      16 -4.06599827e-2
      17        12      17 -7.09920004e-2
      18        13      17 -3.83787230e-2
      19        13      18  2.26889011e-2
      20        16      17  4.06599678e-2
      21        17      18  4.54057083e-2
      22        16      21 -1.70673206e-1
      23        17      21 -3.36329751e-2
      24        17      22 -7.77035505e-2
      25        18      22 -1.87202804e-2
      26        18      19  2.66853832e-2
      27        18      23  4.91634123e-2
      28        21      22  3.36329751e-2
      29        22      23 -1.96183613e-3
      30        21      25 -2.18237415e-1
      31        22      25 -5.43150008e-2
      32        22      26 -2.73649637e-2
      33        25      26  5.43150902e-2
      34        25      28 -2.95050502e-1
      35         4       9  5.89172505e-2
      36         5       9 -2.00522169e-2
      37         5      10  1.48480743e-1
      38         9      10  1.41790472e-2
      39         9      14  4.47382033e-2
      40        10      14 -2.00522039e-2
      41        10      15  1.62659839e-1
      42        14      15  1.41790323e-2
      43        14      19  3.05591691e-2
      44        15      19 -2.00521909e-2
      45        15      20  1.76838934e-1
      46        19      20  4.08644229e-2
      47        19      23  1.63801517e-2
      48        20      23 -5.77910021e-2
      49        20      24  2.17703432e-1
      50        23      24  7.36662745e-2
      51        23      26  1.02794860e-2
      52        24      26 -1.04179867e-1
      53        24      27  2.91369706e-1
      54        26      27  1.08631469e-1
      55        26      28 -8.27368051e-2
      56        27      28 -1.53628126e-1
      57        27      29  4.00001138e-1
      58        28      29 -1.00000478e-1
      59        28      30 -4.00000542e-1
      60        29      30  1.41422033e-1
      61        29      31  3.00000727e-1
      62        30      31 -1.00000478e-1
      63        30      32 -3.00000042e-1
      64        31      32  1.41421944e-1
      65        31      33  2.00000480e-1
      66        32      33 -1.00000724e-1
      67        32      34 -1.99999765e-1
      68        33      34  1.41421273e-1
      69        33      35  1.00000121e-1
      70        34      35 -1.00000240e-1
      71        34      36 -9.99998227e-2
      72        35      36  1.41421348e-1
