[4.13597941e-1,
6.39932394e-1,
9.29412842e-1,
8.32230806e-1,
6.55854225e-1,
2.78446674e-1,
4.83582735e-1,
2.11146832e-1,
7.58212686e-1,
1.21661067e-1,
9.81662989e-1,
7.99314857e-1,
8.72235775e-1,
4.51953769e-1,
3.49113941e-2,
7.24622726e-1,
2.45288014e-1,
6.99814320e-1,
9.87683415e-1,
4.25335646e-1,
5.95255733e-1,
3.89307618e-1,
1.19990826e-1,
9.08396900e-1,
2.62398720e-1,
2.74403095e-2,
7.28665590e-1,
9.24766064e-1,
8.71892691e-1,
1.68745399e-1,
1.37742043e-1,
2.87897348e-1,
9.54829097e-1,
4.12553072e-1,
8.56426716e-1,
8.41078758e-2,
4.87566829e-1,
1.12023592e-1,
5.15871048e-1,
5.51104784e-1,
9.34134841e-1,
6.42878294e-1,
8.71453762e-1,
6.78917646e-1,
2.33489275e-1,
3.78049493e-1,
8.77355456e-1,
8.52239847e-1,
1.94053531e-1,
3.53587389e-1,
7.29979157e-1,
2.36688018e-1,
6.17557168e-1,
9.25308585e-1,
7.00749397e-1,
9.80904341e-1,
2.31807470e-1,
8.95117879e-1,
1.83307409e-1,
3.03624153e-1,
5.77203751e-1,
8.46531272e-1,
3.15986156e-1,
2.08753586e-1,
1.85061932e-1,
5.64065933e-1,
8.79652858e-1,
2.74505615e-2,
1.46767616e-1,
7.43451834e-1,
9.26446438e-1,
1.55353546e-3,
8.12606096e-1,
6.63695097e-1,
1.53791428e-1,
1.60098433e-1,
2.99565554e-1,
7.16434956e-1,
6.52677059e-1,
1.29427910e-2,
1.54698849e-1,
7.02810764e-1,
4.99253035e-1,
9.00113225e-1,
5.54166138e-1,
2.57711291e-1,
2.85459638e-1,
2.61307478e-1,
9.16337967e-1,
2.01855898e-1,
8.83578837e-1,
6.06831908e-1,
4.19021726e-1,
8.03426147e-1,
5.46947718e-1,
5.35170317e-1,
3.68791819e-1,
8.58234048e-1,
1.87227368e-1,
2.04477072e-1,
5.05297184e-1,
4.16098863e-1,
1.34258747e-1,
8.55421782e-1,
3.72057080e-1,
9.45086479e-2,
9.75750446e-1,
8.75596881e-1,
7.15024114e-1,
6.75270796e-1,
6.86001897e-1,
2.14086771e-1,
3.07021528e-1,
3.56788397e-1,
6.35626078e-1,
8.49178255e-1,
1.33128047e-1,
1.35195494e-1,
2.72647500e-1,
7.77461052e-1,
3.94673347e-1,
4.27764177e-1,
1.53378010e-1,
1.59225702e-1,
2.80893683e-1,
6.21586323e-1,
1.51588917e-1,
6.25891447e-1,
9.84937191e-1,
4.72611547e-1,
1.38796329e-1,
5.34369349e-1,
8.68435383e-1,
4.90090132e-1,
8.48766327e-1,
4.15953994e-1,
4.97336030e-1,
8.16661954e-1,
5.07971168e-1,
1.99711323e-1,
5.82024813e-1,
9.98318911e-1,
2.72082925e-1,
6.73358440e-1,
2.79319525e-1,
4.23916936e-1,
9.08178926e-1,
7.46653080e-2,
5.30135632e-2,
2.84010887e-1,
4.83065486e-1,
1.75668597e-1,
6.21678948e-1,
8.97174954e-1,
1.91091776e-1,
7.89588451e-1,
1.54304504e-2,
5.09753227e-2,
2.14668751e-1,
4.12946105e-1,
2.89947987e-1,
7.27116704e-1,
9.95821834e-1,
6.05274439e-2,
7.59029031e-1,
6.63981676e-1,
8.99435580e-1,
2.90904045e-2,
3.30977201e-1,
8.31107378e-1,
2.77600050e-1,
1.64897442e-2,
4.71848249e-2,
6.26869202e-2,
3.73766661e-1,
9.63803530e-1,
8.07767749e-1,
6.90860987e-1,
6.06104374e-1,
6.70178294e-1,
8.41264725e-1,
5.80545187e-1,
4.18638438e-1,
5.51451802e-1,
5.80155373e-1,
9.12439823e-2,
7.37221003e-1,
2.43140340e-1,
7.41148233e-1,
3.20668459e-1,
1.31545067e-2,
5.06786346e-1,
5.13700724e-1,
5.51864982e-1,
6.90381169e-1,
6.19317770e-1,
7.03995943e-1,
9.72782791e-1,
2.02463746e-1,
8.55202436e-1,
5.07357121e-2,
9.93037105e-1,
3.08150530e-1,
2.20765591e-1,
3.23709726e-1,
1.75219774e-1,
4.39943075e-1,
9.90612507e-1,
5.32614708e-1,
6.61324263e-1,
7.45257139e-2,
1.51029825e-2,
3.15109491e-2,
8.79585385e-1,
1.70032501e-1,
2.57533789e-1,
7.54771233e-1,
8.77539396e-1,
5.33883631e-1,
7.10486174e-1,
1.33116961e-1,
7.31776237e-1,
1.93757057e-1,
8.83818150e-1,
7.53226757e-1,
6.07618809e-1,
4.85914946e-1,
5.34112453e-1,
7.11593509e-1,
4.89554882e-1,
5.95588446e-1,
9.80712891e-1,
8.28439593e-1,
9.50384438e-1,
5.90369940e-1,
5.28819442e-1,
9.94832516e-1,
4.95232821e-1,
7.00802803e-1,
7.87292242e-1,
9.90267873e-1,
5.33955097e-1,
4.08229828e-2,
3.75619769e-1,
5.06398916e-1,
2.87111282e-1,
3.27093869e-1,
8.45057607e-1,
6.42560065e-1,
9.06507015e-1,
4.69090939e-2,
6.37144029e-1,
1.69237971e-1,
7.37729907e-1,
3.05855751e-1,
3.57048512e-1,
9.85937953e-1,
5.61112881e-1,
7.52453804e-2,
8.51736784e-1,
7.46075630e-1,
4.91354704e-1,
8.37151051e-1,
5.97400069e-1,
9.10865724e-1,
1.43943548e-1,
8.51480961e-2,
5.82165003e-1,
2.12001801e-3,
7.05052972e-1,
9.74632740e-1,
5.89652658e-1,
6.48408890e-1,
7.94292450e-1,
7.77902603e-1,
3.38816404e-1,
3.59766960e-1,
9.12044048e-2,
6.13418698e-1,
8.49574327e-1,
9.25690889e-1,
8.65126610e-1,
1.98505878e-1,
7.56806374e-1,
4.46888924e-1,
8.93755555e-1,
2.89605856e-1,
5.11888504e-1,
3.94812465e-1,
2.31194973e-1,
9.90985155e-1,
6.88252091e-1,
2.35705376e-2,
4.68163848e-1,
4.33012962e-1,
5.70909977e-2,
7.13188529e-1,
4.99998927e-1,
8.01607728e-1,
6.98115826e-1,
7.52871275e-1,
5.01149535e-1,
8.68219733e-1,
8.84433031e-1,
4.77289200e-1,
8.07586432e-1,
3.81386280e-1,
8.94050598e-2,
6.92460775e-1,
5.27860165e-1,
8.02330971e-1,
9.89232361e-1,
1.76537037e-1,
6.89970732e-1,
1.82099104e-1,
6.46044731e-1,
3.84693623e-1,
8.96875381e-1,
1.58134222e-1,
8.68924975e-1,
4.01995182e-2,
2.55602121e-1,
3.12808901e-1,
4.19939041e-1,
9.48832989e-1,
8.26739013e-1,
1.01512194e-1,
7.87003994e-1,
9.59426820e-1,
1.49014235e-1,
1.41456604e-1,
2.43211746e-1,
9.99019146e-2,
8.92198920e-1,
3.27416539e-1,
6.45842791e-1,
1.64874554e-1,
1.20965481e-1,
4.87516880e-1,
5.24547100e-2,
7.13604331e-1,
9.46193337e-1,
2.51491308e-1,
3.12357783e-1,
3.61845613e-1,
5.72020054e-1,
8.34798813e-3,
1.94598198e-1,
6.95632398e-1,
9.89596605e-1,
8.73277664e-1,
2.60175824e-1,
4.74067926e-1,
9.97141898e-1,
5.82610726e-1,
1.75894380e-1,
8.90860558e-1,
1.80306435e-1,
4.09100294e-1,
3.95769835e-1,
3.84425759e-1,
1.36840582e-1,
8.98668766e-2,
1.73131943e-1,
7.67950296e-1,
3.62110734e-1,
8.22557569e-1,
9.10053372e-1,
6.80288792e-1,
1.13092661e-1,
4.74046230e-1,
8.11396599e-1,
4.20646667e-1,
4.29012537e-1,
1.42771959e-1,
1.05560303e-1,
5.70299149e-1,
5.49808502e-1,
7.16669440e-1,
1.39099360e-1,
6.69727325e-2,
3.03882122e-1,
8.49996448e-1,
6.19050264e-1,
8.08753669e-1,
7.62821078e-1,
7.61779428e-1,
2.41285324e-1,
8.17158580e-1,
7.16544628e-1,
2.90460467e-1,
5.48410416e-3,
2.97071457e-1,
4.51598555e-1,
8.47077489e-1,
9.10566092e-1,
6.15737081e-1,
2.47437239e-1,
2.67285466e-1,
3.39978695e-1,
3.09991241e-1,
2.77074337e-1,
2.61952877e-1,
5.77880263e-1,
9.83408749e-1,
7.11444318e-1,
1.01426482e-1,
8.84017706e-1,
3.29994798e-1,
2.76863337e-1,
6.61940455e-1,
5.83723187e-1,
3.48510265e-1,
6.16123438e-1,
6.00648165e-1,
2.16670036e-2,
5.16342640e-1,
5.84034801e-1,
5.41376352e-1,
9.38114762e-1,
8.86305153e-1,
3.54640007e-1,
6.59227014e-1,
7.42904365e-1,
6.36690378e-1,
1.29169583e-1,
1.92372441e-1,
4.46224213e-3,
8.10732841e-2,
8.47995996e-1,
8.30557585e-1,
9.40178633e-2,
1.76882386e-1,
3.60670924e-1,
5.64001560e-1,
4.44907308e-1,
8.05504739e-1,
9.43390131e-1,
2.62442589e-1,
4.33378458e-1,
7.98604965e-1,
9.08397794e-1,
7.76958466e-3,
2.84326553e-1,
8.84424210e-1,
4.31966782e-1,
5.02204180e-1,
7.19395041e-1,
8.77871633e-1,
2.20632553e-2,
5.93267918e-1,
8.87641430e-1,
6.47053480e-1,
2.70349979e-2,
7.20324755e-1,
1.95395231e-1,
7.77579963e-1,
3.70012760e-1,
8.41538966e-1,
6.23972297e-1,
3.75618100e-1,
6.84632063e-2,
8.37893486e-1,
5.99740744e-1,
6.88478231e-1,
7.35217214e-1,
1.07290745e-2,
5.10119915e-1,
8.53539467e-1,
1.49642467e-1,
5.86049914e-1,
1.77093863e-1,
8.93422842e-1,
1.78946972e-1,
5.40007830e-1,
4.21019912e-1,
2.33704090e-1,
5.81830382e-1,
6.82821035e-1,
5.10818958e-2,
9.04207706e-1,
3.78350496e-1,
4.49322462e-1,
6.20099306e-1,
1.89540744e-1,
4.47479486e-1,
3.11253428e-1,
8.42606306e-1,
6.33257627e-2,
8.10407519e-1,
8.64863515e-1,
4.41488266e-1,
8.40950012e-1,
7.94393539e-1,
5.55174828e-1,
6.87834978e-1,
1.18896365e-1,
4.41291213e-1,
5.79764366e-1,
6.67989612e-1,
3.09520721e-1,
3.53731036e-1,
1.80372477e-1,
9.54031944e-3,
4.84887362e-1,
1.67378902e-1,
7.39543259e-1,
5.66524267e-1,
4.97779250e-1,
5.24644375e-1,
6.70216322e-1,
8.76219749e-1,
3.59416008e-1,
8.32193017e-1,
1.84415340e-1,
2.05177784e-1,
3.20719957e-1,
6.54968262e-1,
3.76429558e-2,
5.33186078e-1,
2.90388823e-1,
3.51657867e-1,
6.55562997e-1,
7.89104819e-1,
1.49612069e-1,
1.66964531e-3,
4.75263476e-1,
8.28971267e-1,
4.09331322e-2,
2.48627424e-1,
4.49360251e-1,
2.35570699e-1,
1.37137413e-1,
7.81411529e-1,
8.09279561e-1,
5.83858013e-1,
7.19356298e-1,
1.93535566e-1,
3.66634846e-1,
1.07114315e-1,
7.26640940e-1,
1.21150136e-1,
6.67649388e-1,
3.60022306e-1,
9.03520465e-1,
9.87305820e-1,
8.21358919e-1,
4.03769493e-1,
4.26613569e-1,
8.07528794e-1,
4.97398138e-1,
7.08356977e-1,
8.95343065e-1,
2.79062986e-2,
5.19769907e-1,
5.87381124e-1,
3.75020385e-1,
2.58091331e-1,
4.16556120e-1,
3.52782249e-1,
1.62739635e-1,
6.69402361e-1,
9.78497863e-1,
2.83046246e-1,
6.67363405e-1,
1.93321109e-1,
7.47899413e-1,
5.97831964e-1,
7.65019655e-2,
3.28786373e-1,
5.02411485e-1,
7.22093225e-1,
8.33689511e-1,
5.62687755e-1,
8.95038843e-1,
9.93168473e-1,
3.67096901e-1,
6.99907184e-1,
7.75859833e-1,
3.19071770e-1,
7.65842557e-1,
4.32504416e-2,
2.99878240e-1,
8.94788861e-1,
2.12450624e-1,
2.74979591e-1,
2.74037838e-1,
1.23840332e-1,
8.77223015e-2,
6.96843088e-1,
4.14288282e-1,
8.68898153e-1,
9.38629866e-1,
2.81376362e-1,
4.47174311e-1,
2.68145800e-1,
1.60129547e-1,
6.29489541e-1,
7.44465828e-1,
5.70129156e-1,
1.01328492e-1,
8.27851117e-1,
1.98473215e-1,
5.08145332e-1,
6.21328533e-1,
1.82259560e-1,
1.61629081e-1,
4.37615633e-1,
1.00312233e-1,
7.50767350e-1,
7.55511761e-1,
5.45337677e-1,
5.06647289e-1,
4.27671671e-1,
5.99230528e-1,
9.44698811e-1,
4.15659547e-1,
9.33198690e-1,
9.89733398e-1,
8.96945238e-1,
6.78876400e-1,
8.55613351e-1,
6.66668415e-1,
8.01669836e-1,
4.07202244e-1,
8.69448543e-1,
9.26345348e-1,
2.78785467e-1,
8.05352688e-1,
6.52238488e-1,
5.15241623e-1,
1.79392338e-1,
2.49546289e-1,
6.81876421e-1,
7.26718187e-1,
3.63139868e-1,
9.25621986e-2,
8.46857667e-1,
4.34450507e-1,
6.92098022e-1,
3.40088844e-1,
5.95245361e-2,
3.82769108e-2,
9.33305323e-1,
2.09095806e-1,
5.92469692e-1,
6.19030356e-1,
3.01830769e-1,
4.23134208e-1,
4.92578030e-1,
8.39100361e-1,
4.34362739e-1,
9.56508875e-1,
2.66678810e-1,
4.04708385e-2,
4.12600756e-1,
8.49768043e-1,
9.85190511e-1,
6.22594833e-1,
8.95998597e-1,
3.17375660e-1,
3.39843512e-1,
2.75670528e-1,
9.73404109e-1,
7.70318866e-1,
8.47354412e-1,
3.17491889e-1,
5.87698340e-1,
3.48072171e-1,
5.40682077e-1,
8.54405522e-1,
6.26006842e-1,
3.38390827e-1,
9.84939575e-1,
1.29423141e-2,
1.47527695e-1,
4.78707314e-1,
5.45962334e-1,
1.75242305e-1,
7.70598233e-1,
9.04104710e-2,
2.98585296e-1,
2.32471585e-1,
2.34868973e-1,
2.37005234e-1,
4.77281570e-1,
4.94801521e-1,
7.25533247e-1,
1.96827769e-1,
8.84272158e-1,
6.55140877e-2,
6.17569923e-1,
8.27702284e-1,
2.03911304e-1,
9.96260524e-1,
9.70775604e-1,
9.15430784e-2,
1.23990774e-1,
4.15000081e-1,
4.58999753e-1,
7.90473580e-1,
6.41206264e-1,
2.92238951e-1,
4.87126827e-1,
1.60713673e-1,
7.79965401e-1,
7.87184119e-1,
3.45159531e-1,
2.44628191e-1,
7.68258810e-1,
4.58652735e-1,
9.70193148e-1,
5.22767663e-1,
1.20329857e-3,
2.55206108e-1,
3.56529474e-1,
1.61080360e-2,
2.23638058e-1,
6.01251125e-2,
6.66772783e-1,
1.38755322e-1,
4.89999771e-1,
2.18475580e-1,
1.24364853e-1,
6.11799479e-1,
9.68836546e-1,
7.17067719e-1,
7.63713598e-1,
5.05079269e-1,
8.88036251e-1,
6.20585680e-1,
2.21379042e-1,
9.75332260e-1,
9.80459094e-1,
9.79676247e-1,
7.50610828e-2,
2.71709919e-1,
8.10768902e-1,
7.68260002e-1,
8.30619216e-1,
7.77244568e-1,
8.08310747e-1,
7.67328739e-1,
8.15793276e-2,
3.22310209e-1,
8.25764894e-1,
9.73258972e-1,
7.59880543e-2,
5.41570187e-1,
2.57761717e-1,
7.61541247e-1,
9.18352962e-1,
8.37816000e-1,
6.86987162e-1,
9.91652966e-1,
3.60685229e-1,
5.36612153e-1,
9.47952747e-1,
2.48350143e-1,
5.35560966e-1,
7.91747212e-1,
1.72825933e-1,
4.49805021e-1,
8.15918326e-1,
2.10935593e-1,
8.16731453e-2,
9.06916380e-1,
8.80459309e-1,
3.88185143e-1,
4.21480656e-1,
8.41825962e-1,
8.50336552e-1,
1.12907767e-1,
9.59160328e-1,
9.00881529e-1,
1.26362562e-1,
6.23517931e-1,
5.62593222e-1,
4.07834053e-1,
9.39846218e-1,
9.04850721e-1,
7.03507066e-1,
5.73284328e-1,
9.57841277e-1,
4.71670985e-1,
8.04020166e-1,
2.38772869e-1,
2.88089514e-2,
7.91054964e-1,
3.96692038e-1,
5.25252819e-1,
5.06861210e-2,
1.73065662e-1,
3.30268145e-1,
8.06945086e-1,
7.74801016e-1,
2.92742372e-1,
9.41074193e-1,
2.47368336e-1,
4.58928645e-1,
3.22868347e-1,
9.42308903e-2,
2.39261866e-1,
9.38660979e-1,
1.16055012e-1,
7.51933694e-1,
4.49947119e-1,
8.85963321e-1,
7.92235136e-1,
7.98387408e-1,
7.16524124e-2,
9.46229577e-1,
8.04623127e-1,
9.73675728e-1,
9.23593521e-1,
8.59228253e-1,
1.44252181e-1,
9.60556030e-1,
4.74690914e-1,
3.68984699e-1,
3.26620698e-1,
6.57544613e-1,
9.02982652e-1,
6.12164974e-1,
9.45421636e-1,
4.72657681e-2,
9.17872190e-1,
7.29044914e-1,
7.92653084e-1,
8.42663407e-1,
7.98980355e-1,
1.83811188e-2,
5.91483116e-2,
5.30274391e-1,
3.68979692e-1,
4.08500791e-1,
8.59370232e-2,
8.76596510e-1,
2.97508240e-2,
2.32645154e-1,
1.55771971e-1,
2.13198185e-1,
2.18333364e-1,
3.43138188e-1,
6.17234707e-1,
5.65925598e-1,
9.44739819e-1,
7.26239920e-1,
7.59854317e-1,
5.63843846e-1,
8.45103025e-1,
4.16270494e-1,
1.38643265e-1,
7.86379099e-1,
1.35425091e-1,
6.18413687e-1,
2.60773897e-1,
1.55915260e-1,
7.76015043e-1,
7.66690254e-1,
5.61186433e-1,
1.80792809e-2,
3.10108721e-1,
8.70465875e-1,
9.85144258e-1,
4.09334779e-1,
1.78568602e-1,
4.80070949e-1,
8.03945065e-2,
3.79692316e-2,
8.61075401e-1,
9.59524274e-1,
9.28763390e-1,
7.80210495e-2,
8.27470183e-1,
6.77373290e-1,
9.70411062e-1,
2.37193793e-1,
7.19127297e-1,
3.67318630e-1,
6.62513912e-1,
3.09225798e-1,
4.78997946e-1,
2.63957977e-2,
4.10566330e-2,
7.96202898e-1,
5.76855183e-1,
5.35612583e-1,
1.36885643e-2,
4.19692427e-1,
8.17870677e-1,
5.88172197e-1,
4.44200397e-1,
4.26378965e-1,
7.65635967e-1,
8.33630562e-3,
3.37095261e-2,
5.36698341e-1,
5.37561059e-1,
3.10389876e-1,
4.10795569e-1,
3.92380238e-1,
2.45579123e-1,
9.85209942e-2,
6.80751801e-1,
1.27732515e-1,
6.70731664e-1,
3.46991062e-1,
9.97916222e-1,
4.26803827e-1,
9.08798218e-1,
6.90012813e-1,
9.46529746e-1,
1.72216415e-1,
3.35021973e-1,
3.06094766e-1,
7.03753233e-1,
4.19381142e-1,
8.66836190e-1,
7.71432161e-1,
8.82298946e-2,
1.82021141e-1,
2.15207338e-1,
1.00746751e-1,
3.89078856e-1,
5.98123074e-2,
6.21505260e-1,
9.90847349e-1,
3.11104059e-1,
7.91484594e-1,
8.66185427e-1,
5.18522978e-1,
6.15107477e-1,
9.39580083e-1,
4.00242209e-1,
3.53373170e-1,
4.02624160e-1,
7.03936815e-1,
9.35410976e-1,
1.22303963e-2,
6.68305516e-1,
1.11509323e-1,
5.55373430e-2,
8.35549831e-2,
6.00727916e-1,
4.40320492e-1,
5.81197500e-1,
8.63186955e-1,
5.65016270e-2,
2.37532020e-1,
9.94953871e-1,
6.48931563e-1,
9.00606632e-1,
1.42573833e-1,
8.30043077e-1,
3.72526884e-1,
1.81301355e-1,
2.03230143e-1,
4.80936289e-1,
8.96116078e-1,
2.32872009e-1,
4.31411743e-1,
3.48991394e-1,
5.14954567e-1,
8.01047325e-1,
2.36354470e-1,
5.43249846e-1,
6.99540854e-1,
4.80348229e-1,
6.89475536e-1,
7.78233051e-1,
7.53391385e-1,
2.40900278e-1,
8.16297114e-1,
4.69653368e-1,
5.94347358e-1,
1.63037300e-1,
6.84818625e-1,
1.57516003e-2,
8.77593875e-1,
9.97234643e-1,
4.29265499e-1,
4.73255038e-1,
8.54853511e-1,
4.21979189e-1,
7.29473472e-1,
7.72179365e-1,
8.50853086e-1,
1.17975116e-1,
3.65635157e-1,
3.71119976e-1,
3.30156088e-1,
6.94034100e-2,
5.86435795e-1,
1.13250256e-1,
6.72530651e-1,
8.08072805e-1,
4.47926164e-1,
3.49738955e-1,
2.53235817e-1]
