-2706532563656726356
-1456704718421905970
2076000302973466265
-7313441714573519855
6968221591992775720
-8789972491087804821
-2460597058237165818
5109049355030025643
-2629228455350076559
-1346601378944325499
731906117078978889
2917299202802762532
3977930068754510577
-1918208578006733851
7234454777261999721
3510323307275381272
-6709010537797963325
1778115453725900401
6691037774924662030
8190756673239189263
-8769112874281851075
-8824421851385986982
-2420761856971069338
-5772765024011340895
-1852957141548604256
9204690676733912287
1443737048387531394
1642524865511760711
8116800945409394294
-3297397137413888037
8534803150931747608
-2706532563656726356
-1456704718421905970
2076000302973466265
-7313441714573519855
6968221591992775720
-8789972491087804821
-2460597058237165818
5109049355030025643
-2629228455350076559
-1346601378944325499
731906117078978889
2917299202802762532
3977930068754510577
-1918208578006733851
7234454777261999721
3510323307275381272
-6709010537797963325
1778115453725900401
6691037774924662030
8190756673239189263
-8769112874281851075
-8824421851385986982
-2420761856971069338
-5772765024011340895
-1852957141548604256
9204690676733912287
1443737048387531394
1642524865511760711
8116800945409394294
-3297397137413888037
8534803150931747608
-2706532563656726356
-1456704718421905970
2076000302973466265
-7313441714573519855
6968221591992775720
-8789972491087804821
-2460597058237165818
5109049355030025643
-2629228455350076559
-1346601378944325499
731906117078978889
2917299202802762532
3977930068754510577
-1918208578006733851
7234454777261999721
3510323307275381272
-6709010537797963325
1778115453725900401
6691037774924662030
8190756673239189263
-8769112874281851075
-8824421851385986982
-2420761856971069338
-5772765024011340895
-1852957141548604256
9204690676733912287
1443737048387531394
1642524865511760711
8116800945409394294
-3297397137413888037
8534803150931747608
-2706532563656726356
-1456704718421905970
2076000302973466265
-7313441714573519855
6968221591992775720
-8789972491087804821
-2460597058237165818
5109049355030025643
-2629228455350076559
-1346601378944325499
731906117078978889
2917299202802762532
3977930068754510577
-1918208578006733851
7234454777261999721
3510323307275381272
-6709010537797963325
1778115453725900401
6691037774924662030
8190756673239189263
-8769112874281851075
-8824421851385986982
-2420761856971069338
-5772765024011340895
-1852957141548604256
9204690676733912287
1443737048387531394
1642524865511760711
8116800945409394294
-3297397137413888037
8534803150931747608
-2706532563656726356
-1456704718421905970
2076000302973466265
-7313441714573519855
6968221591992775720
-8789972491087804821
-2460597058237165818
5109049355030025643
-2629228455350076559
-1346601378944325499
731906117078978889
2917299202802762532
3977930068754510577
-1918208578006733851
7234454777261999721
3510323307275381272
-6709010537797963325
1778115453725900401
6691037774924662030
8190756673239189263
-8769112874281851075
-8824421851385986982
-2420761856971069338
-5772765024011340895
-1852957141548604256
9204690676733912287
1443737048387531394
1642524865511760711
8116800945409394294
-3297397137413888037
8534803150931747608
-2706532563656726356
-1456704718421905970
2076000302973466265
-7313441714573519855
6968221591992775720
-8789972491087804821
-2460597058237165818
5109049355030025643
-2629228455350076559
-1346601378944325499
731906117078978889
2917299202802762532
3977930068754510577
-1918208578006733851
7234454777261999721
3510323307275381272
-6709010537797963325
1778115453725900401
6691037774924662030
8190756673239189263
-8769112874281851075
-8824421851385986982
-2420761856971069338
-5772765024011340895
-1852957141548604256
9204690676733912287
1443737048387531394
1642524865511760711
8116800945409394294
-3297397137413888037
8534803150931747608
-2706532563656726356
-1456704718421905970
2076000302973466265
-7313441714573519855
6968221591992775720
-8789972491087804821
-2460597058237165818
5109049355030025643
-2629228455350076559
-1346601378944325499
731906117078978889
2917299202802762532
3977930068754510577
-1918208578006733851
7234454777261999721
3510323307275381272
-6709010537797963325
1778115453725900401
6691037774924662030
8190756673239189263
-8769112874281851075
-8824421851385986982
-2420761856971069338
-5772765024011340895
-1852957141548604256
9204690676733912287
1443737048387531394
1642524865511760711
8116800945409394294
-3297397137413888037
8534803150931747608
-2706532563656726356
-1456704718421905970
2076000302973466265
-7313441714573519855
6968221591992775720
-8789972491087804821
-2460597058237165818
5109049355030025643
-2629228455350076559
-1346601378944325499
731906117078978889
2917299202802762532
3977930068754510577
-1918208578006733851
7234454777261999721
3510323307275381272
-6709010537797963325
1778115453725900401
6691037774924662030
8190756673239189263
-8769112874281851075
-8824421851385986982
-2420761856971069338
-5772765024011340895
-1852957141548604256
9204690676733912287
1443737048387531394
1642524865511760711
8116800945409394294
-3297397137413888037
8534803150931747608
-2706532563656726356
-1456704718421905970
2076000302973466265
-7313441714573519855
6968221591992775720
-8789972491087804821
-2460597058237165818
5109049355030025643
-2629228455350076559
-1346601378944325499
731906117078978889
2917299202802762532
3977930068754510577
-1918208578006733851
7234454777261999721
3510323307275381272
-6709010537797963325
1778115453725900401
6691037774924662030
8190756673239189263
-8769112874281851075
-8824421851385986982
-2420761856971069338
-5772765024011340895
-1852957141548604256
9204690676733912287
1443737048387531394
1642524865511760711
8116800945409394294
-3297397137413888037
8534803150931747608
-2706532563656726356
-1456704718421905970
2076000302973466265
-7313441714573519855
6968221591992775720
-8789972491087804821
-2460597058237165818
5109049355030025643
-2629228455350076559
-1346601378944325499
731906117078978889
2917299202802762532
3977930068754510577
-1918208578006733851
7234454777261999721
3510323307275381272
-6709010537797963325
1778115453725900401
6691037774924662030
8190756673239189263
-8769112874281851075
-8824421851385986982
-2420761856971069338
-5772765024011340895
-1852957141548604256
9204690676733912287
1443737048387531394
1642524865511760711
8116800945409394294
-3297397137413888037
8534803150931747608
-2706532563656726356
-1456704718421905970
2076000302973466265
-7313441714573519855
6968221591992775720
-8789972491087804821
-2460597058237165818
5109049355030025643
-2629228455350076559
-1346601378944325499
731906117078978889
2917299202802762532
3977930068754510577
-1918208578006733851
7234454777261999721
3510323307275381272
-6709010537797963325
1778115453725900401
6691037774924662030
8190756673239189263
-8769112874281851075
-8824421851385986982
-2420761856971069338
-5772765024011340895
-1852957141548604256
9204690676733912287
1443737048387531394
1642524865511760711
8116800945409394294
-3297397137413888037
8534803150931747608
-2706532563656726356
-1456704718421905970
2076000302973466265
-7313441714573519855
6968221591992775720
-8789972491087804821
-2460597058237165818
5109049355030025643
-2629228455350076559
-1346601378944325499
731906117078978889
2917299202802762532
3977930068754510577
-1918208578006733851
7234454777261999721
3510323307275381272
-6709010537797963325
1778115453725900401
6691037774924662030
8190756673239189263
-8769112874281851075
-8824421851385986982
-2420761856971069338
-5772765024011340895
-1852957141548604256
9204690676733912287
1443737048387531394
1642524865511760711
8116800945409394294
-3297397137413888037
8534803150931747608
-2706532563656726356
-1456704718421905970
2076000302973466265
-7313441714573519855
6968221591992775720
-8789972491087804821
-2460597058237165818
5109049355030025643
-2629228455350076559
-1346601378944325499
731906117078978889
2917299202802762532
3977930068754510577
-1918208578006733851
7234454777261999721
3510323307275381272
-6709010537797963325
1778115453725900401
6691037774924662030
8190756673239189263
-8769112874281851075
-8824421851385986982
-2420761856971069338
-5772765024011340895
-1852957141548604256
9204690676733912287
1443737048387531394
1642524865511760711
8116800945409394294
-3297397137413888037
8534803150931747608
-2706532563656726356
-1456704718421905970
2076000302973466265
-7313441714573519855
6968221591992775720
-8789972491087804821
-2460597058237165818
5109049355030025643
-2629228455350076559
-1346601378944325499
731906117078978889
2917299202802762532
3977930068754510577
-1918208578006733851
7234454777261999721
3510323307275381272
-6709010537797963325
1778115453725900401
6691037774924662030
8190756673239189263
-8769112874281851075
-8824421851385986982
-2420761856971069338
-5772765024011340895
-1852957141548604256
9204690676733912287
1443737048387531394
1642524865511760711
8116800945409394294
-3297397137413888037
8534803150931747608
-2706532563656726356
-1456704718421905970
2076000302973466265
-7313441714573519855
6968221591992775720
-8789972491087804821
-2460597058237165818
5109049355030025643
-2629228455350076559
-1346601378944325499
731906117078978889
2917299202802762532
3977930068754510577
-1918208578006733851
7234454777261999721
3510323307275381272
-6709010537797963325
1778115453725900401
6691037774924662030
8190756673239189263
-8769112874281851075
-8824421851385986982
-2420761856971069338
-5772765024011340895
-1852957141548604256
9204690676733912287
1443737048387531394
1642524865511760711
8116800945409394294
-3297397137413888037
8534803150931747608
-2706532563656726356
-1456704718421905970
2076000302973466265
-7313441714573519855
6968221591992775720
-8789972491087804821
-2460597058237165818
5109049355030025643
-2629228455350076559
-1346601378944325499
731906117078978889
2917299202802762532
3977930068754510577
-1918208578006733851
7234454777261999721
3510323307275381272
-6709010537797963325
1778115453725900401
6691037774924662030
8190756673239189263
-8769112874281851075
-8824421851385986982
-2420761856971069338
-5772765024011340895
-1852957141548604256
9204690676733912287
1443737048387531394
1642524865511760711
8116800945409394294
-3297397137413888037
8534803150931747608
-2706532563656726356
-1456704718421905970
2076000302973466265
-7313441714573519855
